11:03:58.545 [main] INFO  testCases.TC_004_SearchProductTest -  Starting TC_004_SearchProductTest 
11:03:59.249 [main] INFO  testCases.TC_004_SearchProductTest -  Finished TC_004_SearchProductTest 
11:06:07.760 [main] INFO  testCases.TC_005_AddToCartPageTest -  Starting TC_005_AddToCartPageTest 
11:06:09.576 [main] INFO  testCases.TC_005_AddToCartPageTest -  Finished TC_004_SearchProductTest 
12:38:06.137 [main] INFO  testCases.TC_006_EndToEndTest - Clicked on My account link
12:38:06.183 [main] INFO  testCases.TC_006_EndToEndTest - Clicked on logout
13:02:40.448 [main] INFO  testCases.TC_006_EndToEndTest - Clicked on My account link
13:02:40.488 [main] INFO  testCases.TC_006_EndToEndTest - Clicked on logout
13:11:49.222 [main] INFO  testCases.TC_006_EndToEndTest - Clicked on My account link
13:11:49.274 [main] INFO  testCases.TC_006_EndToEndTest - Clicked on logout
13:15:58.219 [main] INFO  testCases.TC_006_EndToEndTest - Clicked on My account link
13:15:58.258 [main] INFO  testCases.TC_006_EndToEndTest - Clicked on logout
13:31:02.842 [main] INFO  testCases.TC_006_EndToEndTest - Clicked on My account link
13:31:02.882 [main] INFO  testCases.TC_006_EndToEndTest - Clicked on logout
13:32:00.586 [main] INFO  testCases.TC_006_EndToEndTest - Clicked on My account link
13:32:00.631 [main] INFO  testCases.TC_006_EndToEndTest - Clicked on logout
13:36:14.859 [main] INFO  testCases.TC_006_EndToEndTest - Clicked on My account link
13:36:14.907 [main] INFO  testCases.TC_006_EndToEndTest - Clicked on logout
13:39:19.386 [main] INFO  testCases.TC_006_EndToEndTest - Clicked on My account link
13:39:19.433 [main] INFO  testCases.TC_006_EndToEndTest - Clicked on logout
13:46:48.005 [main] INFO  testCases.TC_006_EndToEndTest - Clicked on My account link
13:46:48.066 [main] INFO  testCases.TC_006_EndToEndTest - Clicked on logout
13:50:22.136 [main] INFO  testCases.TC_006_EndToEndTest - Clicked on My account link
13:50:22.180 [main] INFO  testCases.TC_006_EndToEndTest - Clicked on logout
13:53:48.399 [main] INFO  testCases.TC_006_EndToEndTest - Clicked on My account link
13:53:48.451 [main] INFO  testCases.TC_006_EndToEndTest - Clicked on logout
14:07:41.689 [main] INFO  testCases.TC_006_EndToEndTest - Clicked on My account link
14:07:41.731 [main] INFO  testCases.TC_006_EndToEndTest - Clicked on logout
14:08:35.508 [main] INFO  testCases.TC_006_EndToEndTest - Clicked on My account link
14:08:35.552 [main] INFO  testCases.TC_006_EndToEndTest - Clicked on logout
14:15:07.483 [main] INFO  testCases.TC_006_EndToEndTest - Clicked on My account link
14:15:07.527 [main] INFO  testCases.TC_006_EndToEndTest - Clicked on logout
14:19:20.736 [main] INFO  testCases.TC_006_EndToEndTest - Clicked on My account link
14:19:20.803 [main] INFO  testCases.TC_006_EndToEndTest - Clicked on logout
14:31:38.623 [main] INFO  testCases.TC_006_EndToEndTest - Clicked on My account link
14:31:38.668 [main] INFO  testCases.TC_006_EndToEndTest - Clicked on logout
14:50:39.089 [main] INFO  testCases.TC_006_EndToEndTest - Clicked on My account link
14:50:39.156 [main] INFO  testCases.TC_006_EndToEndTest - Clicked on logout
15:01:38.978 [main] INFO  testCases.TC_006_EndToEndTest - Clicked on My account link
15:01:39.029 [main] INFO  testCases.TC_006_EndToEndTest - Clicked on logout
15:05:30.254 [main] INFO  testCases.TC_006_EndToEndTest - Clicked on My account link
15:05:30.302 [main] INFO  testCases.TC_006_EndToEndTest - Clicked on logout
15:11:12.951 [main] INFO  testCases.TC_006_EndToEndTest - Clicked on My account link
15:11:13.011 [main] INFO  testCases.TC_006_EndToEndTest - Clicked on logout
15:18:36.677 [main] INFO  testCases.TC_006_EndToEndTest - Clicked on My account link
15:18:36.724 [main] INFO  testCases.TC_006_EndToEndTest - Clicked on logout
15:43:06.993 [main] INFO  testCases.TC_006_EndToEndTest - Clicked on My account link
15:43:07.042 [main] INFO  testCases.TC_006_EndToEndTest - Clicked on logout
15:59:05.059 [main] INFO  testCases.TC_006_EndToEndTest - Clicked on My account link
15:59:05.137 [main] INFO  testCases.TC_006_EndToEndTest - Clicked on logout
16:06:27.428 [main] INFO  testCases.TC_006_EndToEndTest - Clicked on My account link
16:06:27.493 [main] INFO  testCases.TC_006_EndToEndTest - Clicked on logout
16:12:56.377 [main] INFO  testCases.TC_005_AddToCartPageTest -  Starting TC_005_AddToCartPageTest 
16:12:57.825 [main] INFO  testCases.TC_005_AddToCartPageTest -  Finished TC_004_SearchProductTest 
16:21:44.105 [main] INFO  testCases.TC_003_LoginDDT - *** Starting TC_003_LoginDDT******
16:21:55.522 [main] INFO  testCases.TC_003_LoginDDT - *** Starting TC_003_LoginDDT******
16:22:05.764 [main] INFO  testCases.TC_003_LoginDDT - *** Starting TC_003_LoginDDT******
16:22:16.006 [main] INFO  testCases.TC_003_LoginDDT - *** Starting TC_003_LoginDDT******
16:22:26.521 [main] INFO  testCases.TC_003_LoginDDT - *** Starting TC_003_LoginDDT******
16:47:28.937 [main] INFO  testCases.TC_003_LoginDDT - *** Starting TC_003_LoginDDT******
16:47:40.134 [main] INFO  testCases.TC_003_LoginDDT - *** Starting TC_003_LoginDDT******
16:47:50.364 [main] INFO  testCases.TC_003_LoginDDT - *** Starting TC_003_LoginDDT******
16:48:00.609 [main] INFO  testCases.TC_003_LoginDDT - *** Starting TC_003_LoginDDT******
16:48:10.840 [main] INFO  testCases.TC_003_LoginDDT - *** Starting TC_003_LoginDDT******
16:57:45.741 [main] INFO  testCases.TC_003_LoginDDT - *** Starting TC_003_LoginDDT******
16:57:47.031 [main] INFO  testCases.TC_003_LoginDDT - *** Finished TC_003_LoginDDT******
16:57:47.038 [main] INFO  testCases.TC_003_LoginDDT - *** Starting TC_003_LoginDDT******
16:57:57.468 [main] INFO  testCases.TC_003_LoginDDT - *** Finished TC_003_LoginDDT******
16:57:57.472 [main] INFO  testCases.TC_003_LoginDDT - *** Starting TC_003_LoginDDT******
16:58:08.036 [main] INFO  testCases.TC_003_LoginDDT - *** Finished TC_003_LoginDDT******
16:58:08.037 [main] INFO  testCases.TC_003_LoginDDT - *** Starting TC_003_LoginDDT******
16:58:18.682 [main] INFO  testCases.TC_003_LoginDDT - *** Finished TC_003_LoginDDT******
16:58:18.683 [main] INFO  testCases.TC_003_LoginDDT - *** Starting TC_003_LoginDDT******
16:58:19.992 [main] INFO  testCases.TC_003_LoginDDT - *** Finished TC_003_LoginDDT******
16:59:26.197 [main] INFO  testCases.TC_001_AccountRegistrationTest - ***  Starting TC_001_AccountRegistrationTest ***
16:59:26.355 [main] INFO  testCases.TC_001_AccountRegistrationTest - Clicked on My account link
16:59:26.634 [main] INFO  testCases.TC_001_AccountRegistrationTest - Clicked on register link
16:59:26.635 [main] INFO  testCases.TC_001_AccountRegistrationTest - Providing customer data
16:59:26.635 [main] INFO  testCases.TC_001_AccountRegistrationTest - Providing First Name
16:59:26.746 [main] INFO  testCases.TC_001_AccountRegistrationTest - Providing Last Name
16:59:26.808 [main] INFO  testCases.TC_001_AccountRegistrationTest - Providing Email Id
16:59:26.906 [main] INFO  testCases.TC_001_AccountRegistrationTest - Providing Password
16:59:27.065 [main] INFO  testCases.TC_001_AccountRegistrationTest - Clicked on continue
16:59:27.429 [main] INFO  testCases.TC_001_AccountRegistrationTest - Validating expected message
16:59:27.431 [main] INFO  testCases.TC_001_AccountRegistrationTest - ***  Finished TC_001_AccountRegistrationTest ***
16:59:29.143 [main] INFO  testCases.TC_002_LoginTest - **** Starting TC_OO2_LoginTest *****
16:59:29.270 [main] INFO  testCases.TC_002_LoginTest - Clicked on My Account
16:59:29.562 [main] INFO  testCases.TC_002_LoginTest - Clicked on Login Link
16:59:29.564 [main] INFO  testCases.TC_002_LoginTest - Providing login details
16:59:29.792 [main] INFO  testCases.TC_002_LoginTest - clicked on Login button
16:59:30.105 [main] INFO  testCases.TC_002_LoginTest - **** Finished TC_002_LoginTest *****
16:59:31.740 [main] INFO  testCases.TC_004_SearchProductTest -  Starting TC_004_SearchProductTest 
16:59:32.455 [main] INFO  testCases.TC_004_SearchProductTest -  Finished TC_004_SearchProductTest 
16:59:34.114 [main] INFO  testCases.TC_005_AddToCartPageTest -  Starting TC_005_AddToCartPageTest 
16:59:35.299 [main] INFO  testCases.TC_005_AddToCartPageTest -  Finished TC_004_SearchProductTest 
16:59:40.808 [main] INFO  testCases.TC_006_EndToEndTest - Clicked on My account link
16:59:40.879 [main] INFO  testCases.TC_006_EndToEndTest - Clicked on logout
17:00:13.827 [main] INFO  testCases.TC_003_LoginDDT - *** Starting TC_003_LoginDDT******
17:00:15.084 [main] INFO  testCases.TC_003_LoginDDT - *** Finished TC_003_LoginDDT******
17:00:15.085 [main] INFO  testCases.TC_003_LoginDDT - *** Starting TC_003_LoginDDT******
17:00:25.549 [main] INFO  testCases.TC_003_LoginDDT - *** Finished TC_003_LoginDDT******
17:00:25.549 [main] INFO  testCases.TC_003_LoginDDT - *** Starting TC_003_LoginDDT******
17:00:36.064 [main] INFO  testCases.TC_003_LoginDDT - *** Finished TC_003_LoginDDT******
17:00:36.064 [main] INFO  testCases.TC_003_LoginDDT - *** Starting TC_003_LoginDDT******
17:00:46.559 [main] INFO  testCases.TC_003_LoginDDT - *** Finished TC_003_LoginDDT******
17:00:46.559 [main] INFO  testCases.TC_003_LoginDDT - *** Starting TC_003_LoginDDT******
17:00:47.593 [main] INFO  testCases.TC_003_LoginDDT - *** Finished TC_003_LoginDDT******
17:11:59.724 [main] INFO  testCases.TC_001_AccountRegistrationTest - ***  Starting TC_001_AccountRegistrationTest ***
17:11:59.888 [main] INFO  testCases.TC_001_AccountRegistrationTest - Clicked on My account link
17:12:00.282 [main] INFO  testCases.TC_001_AccountRegistrationTest - Clicked on register link
17:12:00.282 [main] INFO  testCases.TC_001_AccountRegistrationTest - Providing customer data
17:12:00.282 [main] INFO  testCases.TC_001_AccountRegistrationTest - Providing First Name
17:12:00.406 [main] INFO  testCases.TC_001_AccountRegistrationTest - Providing Last Name
17:12:00.498 [main] INFO  testCases.TC_001_AccountRegistrationTest - Providing Email Id
17:12:00.595 [main] INFO  testCases.TC_001_AccountRegistrationTest - Providing Password
17:12:00.814 [main] INFO  testCases.TC_001_AccountRegistrationTest - Clicked on continue
17:12:01.206 [main] INFO  testCases.TC_001_AccountRegistrationTest - Validating expected message
17:12:01.206 [main] INFO  testCases.TC_001_AccountRegistrationTest - ***  Finished TC_001_AccountRegistrationTest ***
17:12:03.032 [main] INFO  testCases.TC_002_LoginTest - **** Starting TC_OO2_LoginTest *****
17:12:03.148 [main] INFO  testCases.TC_002_LoginTest - Clicked on My Account
17:12:03.428 [main] INFO  testCases.TC_002_LoginTest - Clicked on Login Link
17:12:03.432 [main] INFO  testCases.TC_002_LoginTest - Providing login details
17:12:03.704 [main] INFO  testCases.TC_002_LoginTest - clicked on Login button
17:12:03.995 [main] INFO  testCases.TC_002_LoginTest - **** Finished TC_002_LoginTest *****
17:12:05.741 [main] INFO  testCases.TC_004_SearchProductTest -  Starting TC_004_SearchProductTest 
17:12:06.448 [main] INFO  testCases.TC_004_SearchProductTest -  Finished TC_004_SearchProductTest 
17:12:08.219 [main] INFO  testCases.TC_005_AddToCartPageTest -  Starting TC_005_AddToCartPageTest 
17:12:09.446 [main] INFO  testCases.TC_005_AddToCartPageTest -  Finished TC_004_SearchProductTest 
17:12:15.120 [main] INFO  testCases.TC_006_EndToEndTest - Clicked on My account link
17:12:15.169 [main] INFO  testCases.TC_006_EndToEndTest - Clicked on logout
17:12:48.288 [main] INFO  testCases.TC_003_LoginDDT - *** Starting TC_003_LoginDDT******
17:12:49.564 [main] INFO  testCases.TC_003_LoginDDT - *** Finished TC_003_LoginDDT******
17:12:49.564 [main] INFO  testCases.TC_003_LoginDDT - *** Starting TC_003_LoginDDT******
17:13:00.083 [main] INFO  testCases.TC_003_LoginDDT - *** Finished TC_003_LoginDDT******
17:13:00.083 [main] INFO  testCases.TC_003_LoginDDT - *** Starting TC_003_LoginDDT******
17:13:10.606 [main] INFO  testCases.TC_003_LoginDDT - *** Finished TC_003_LoginDDT******
17:13:10.606 [main] INFO  testCases.TC_003_LoginDDT - *** Starting TC_003_LoginDDT******
17:13:21.165 [main] INFO  testCases.TC_003_LoginDDT - *** Finished TC_003_LoginDDT******
17:13:21.165 [main] INFO  testCases.TC_003_LoginDDT - *** Starting TC_003_LoginDDT******
17:13:22.265 [main] INFO  testCases.TC_003_LoginDDT - *** Finished TC_003_LoginDDT******
